2025-04-07 14:07:40 [INFO] Initialized website processor
2025-04-07 14:07:40 [INFO] Processing file: .\output-new.json
2025-04-07 14:07:40 [INFO] Loading data from .\output-new.json
2025-04-07 14:07:40 [INFO] Successfully parsed JSON with 3959 pages
2025-04-07 14:07:40 [INFO] Successfully loaded 3959 pages in 0.06 seconds
2025-04-07 14:07:40 [INFO] Creating nodes for all pages
2025-04-07 14:07:40 [INFO] Domain detected: www.roger.pl
2025-04-07 14:07:40 [INFO] Created 500 nodes so far...
2025-04-07 14:07:40 [INFO] Created 1000 nodes so far...
2025-04-07 14:07:40 [INFO] Created 1500 nodes so far...
2025-04-07 14:07:40 [INFO] Created 2000 nodes so far...
2025-04-07 14:07:40 [INFO] Created 2500 nodes so far...
2025-04-07 14:07:40 [INFO] Created 3000 nodes so far...
2025-04-07 14:07:40 [INFO] Created 3500 nodes so far...
2025-04-07 14:07:40 [INFO] Created 3958 nodes in total
2025-04-07 14:07:40 [INFO] Created nodes in 0.03 seconds
2025-04-07 14:07:40 [INFO] Building tree structure based on paths
2025-04-07 14:07:40 [INFO] Connected 500 nodes so far...
2025-04-07 14:07:40 [INFO] Connected 1000 nodes so far...
2025-04-07 14:07:40 [INFO] Connected 1500 nodes so far...
2025-04-07 14:07:40 [INFO] Connected 2000 nodes so far...
2025-04-07 14:07:40 [INFO] Connected 2500 nodes so far...
2025-04-07 14:07:40 [INFO] Connected 3000 nodes so far...
2025-04-07 14:07:40 [INFO] Connected 3500 nodes so far...
2025-04-07 14:07:40 [INFO] Tree structure built: 3888 nodes connected to parents, 0 orphaned nodes attached to root
2025-04-07 14:07:40 [INFO] Built tree structure in 0.01 seconds
2025-04-07 14:07:40 [INFO] Extracting common content blocks
2025-04-07 14:07:40 [INFO] Extracting predefined content blocks (header, footer, etc.)
2025-04-07 14:07:40 [INFO] Identified predefined useful links section on 219 pages
2025-04-07 14:07:40 [INFO] Extracted 1 predefined common blocks
2025-04-07 14:07:40 [INFO] Auto-detected 0 additional common blocks
2025-04-07 14:07:40 [INFO] Total common blocks extracted: 1
2025-04-07 14:07:40 [INFO] Extracted common blocks in 0.01 seconds
2025-04-07 14:07:40 [INFO] Replacing common blocks in node content with references
2025-04-07 14:07:40 [INFO] Prepared 1 blocks for replacement (sorted by size)
2025-04-07 14:07:40 [INFO] Processed 500 nodes, made 64 replacements so far...
2025-04-07 14:07:40 [INFO] Processed 1000 nodes, made 94 replacements so far...
2025-04-07 14:07:40 [INFO] Processed 1500 nodes, made 98 replacements so far...
2025-04-07 14:07:40 [INFO] Processed 2000 nodes, made 143 replacements so far...
2025-04-07 14:07:40 [INFO] Processed 2500 nodes, made 156 replacements so far...
2025-04-07 14:07:40 [INFO] Processed 3000 nodes, made 193 replacements so far...
2025-04-07 14:07:40 [INFO] Completed block replacement. Processed 3169 nodes with content.
2025-04-07 14:07:40 [INFO] Made 215 block replacements in total.
2025-04-07 14:07:40 [INFO] Most frequently used blocks:
2025-04-07 14:07:40 [INFO]   useful_links (useful_links): Used on 215 pages
2025-04-07 14:07:40 [INFO] Replaced common blocks in 0.01 seconds
2025-04-07 14:07:40 [INFO] Exporting processed data to .\website_structure_path_based.json
2025-04-07 14:07:40 [INFO] Content size reduction: 8,558,993 -> 8,542,868 bytes (0.2% savings)
2025-04-07 14:07:40 [INFO] Export complete. Saved 3889 nodes and 1 common blocks.
2025-04-07 14:07:40 [INFO] Exported data in 0.11 seconds
2025-04-07 14:07:40 [INFO] Processing complete. Total time: 0.23 seconds
2025-04-07 14:07:40 [INFO] Output saved to: .\website_structure_path_based.json
