2025-04-07 13:16:20 [INFO] Initialized website processor
2025-04-07 13:16:20 [INFO] Processing file: .\output-new.json
2025-04-07 13:16:20 [INFO] Loading data from .\output-new.json
2025-04-07 13:16:20 [INFO] Successfully parsed JSON with 3959 pages
2025-04-07 13:16:20 [INFO] Successfully loaded 3959 pages in 0.06 seconds
2025-04-07 13:16:20 [INFO] Creating nodes for all pages
2025-04-07 13:16:20 [INFO] Domain detected: www.roger.pl
2025-04-07 13:16:20 [INFO] Created 500 nodes so far...
2025-04-07 13:16:20 [INFO] Created 1000 nodes so far...
2025-04-07 13:16:20 [INFO] Created 1500 nodes so far...
2025-04-07 13:16:20 [INFO] Created 2000 nodes so far...
2025-04-07 13:16:20 [INFO] Created 2500 nodes so far...
2025-04-07 13:16:20 [INFO] Created 3000 nodes so far...
2025-04-07 13:16:20 [INFO] Created 3500 nodes so far...
2025-04-07 13:16:20 [INFO] Created 3958 nodes in total
2025-04-07 13:16:20 [INFO] Created nodes in 0.03 seconds
2025-04-07 13:16:20 [INFO] Building tree structure based on paths
2025-04-07 13:16:20 [INFO] Connected 500 nodes so far...
2025-04-07 13:16:20 [INFO] Connected 1000 nodes so far...
2025-04-07 13:16:20 [INFO] Connected 1500 nodes so far...
2025-04-07 13:16:20 [INFO] Connected 2000 nodes so far...
2025-04-07 13:16:20 [INFO] Connected 2500 nodes so far...
2025-04-07 13:16:20 [INFO] Connected 3000 nodes so far...
2025-04-07 13:16:20 [INFO] Connected 3500 nodes so far...
2025-04-07 13:16:20 [INFO] Tree structure built: 3888 nodes connected to parents, 0 orphaned nodes attached to root
2025-04-07 13:16:20 [INFO] Built tree structure in 0.01 seconds
2025-04-07 13:16:20 [INFO] Extracting common content blocks
2025-04-07 13:16:20 [INFO] Extracting predefined content blocks (header, footer, etc.)
2025-04-07 13:16:20 [INFO] Identified predefined useful links section on 219 pages
2025-04-07 13:16:20 [INFO] Extracted 1 predefined common blocks
2025-04-07 13:16:20 [INFO] Starting intelligent content block detection
2025-04-07 13:16:20 [INFO] Splitting content into potential blocks for analysis
2025-04-07 13:16:20 [INFO] Processed 1000 pages, extracted 10555 chunks so far...
2025-04-07 13:16:20 [INFO] Processed 1500 pages, extracted 23769 chunks so far...
2025-04-07 13:16:20 [INFO] Processed 2000 pages, extracted 37486 chunks so far...
2025-04-07 13:16:20 [INFO] Processed 2500 pages, extracted 42366 chunks so far...
2025-04-07 13:16:21 [INFO] Processed 3500 pages, extracted 52211 chunks so far...
2025-04-07 13:16:21 [INFO] Extracted 60953 content chunks for analysis
2025-04-07 13:16:21 [INFO] Finding similar chunks that appear across multiple pages
